<?xml version="1.0" encoding="UTF-8"?>
<!-- Generated by org.testng.reporters.JUnitReportReporter -->
<testsuite skipped="0" hostname="FUBEUSBNU2" name="scripts.Login" tests="1" failures="0" timestamp="01 Feb 2019 07:10:12 GMT" time="8.033" errors="0">
  <testcase name="login" time="8.033" classname="scripts.Login"/>
</testsuite> <!-- scripts.Login -->
